Using pre-set license
Built from '2022.3/staging' branch; Version is '2022.3.6f1 (b9e6e7e9fa2d) revision 12183271'; Using compiler version '192829333'; Build Type 'Release'
OS: 'Windows 11  (10.0.22631) 64bit Core' Language: 'en' Physical Memory: 6082 MB
BatchMode: 1, IsHumanControllingUs: 0, StartBugReporterOnCrash: 0, Is64bit: 1, IsPro: 1

COMMAND LINE ARGUMENTS:
C:\Program Files\Unity\Hub\Editor\2022.3.6f1\Editor\Unity.exe
-adb2
-batchMode
-noUpm
-name
AssetImportWorker0
-projectPath
C:/Users/moeda/OneDrive/Documents/GitHub/Black-Belt-Game-Megan-I
-logFile
Logs/AssetImportWorker0.log
-srvPort
58774
Successfully changed project path to: C:/Users/moeda/OneDrive/Documents/GitHub/Black-Belt-Game-Megan-I
C:/Users/moeda/OneDrive/Documents/GitHub/Black-Belt-Game-Megan-I
[UnityMemory] Configuration Parameters - Can be set up in boot.config
    "memorysetup-bucket-allocator-granularity=16"
    "memorysetup-bucket-allocator-bucket-count=8"
    "memorysetup-bucket-allocator-block-size=33554432"
    "memorysetup-bucket-allocator-block-count=8"
    "memorysetup-main-allocator-block-size=16777216"
    "memorysetup-thread-allocator-block-size=16777216"
    "memorysetup-gfx-main-allocator-block-size=16777216"
    "memorysetup-gfx-thread-allocator-block-size=16777216"
    "memorysetup-cache-allocator-block-size=4194304"
    "memorysetup-typetree-allocator-block-size=2097152"
    "memorysetup-profiler-bucket-allocator-granularity=16"
    "memorysetup-profiler-bucket-allocator-bucket-count=8"
    "memorysetup-profiler-bucket-allocator-block-size=33554432"
    "memorysetup-profiler-bucket-allocator-block-count=8"
    "memorysetup-profiler-allocator-block-size=16777216"
    "memorysetup-profiler-editor-allocator-block-size=1048576"
    "memorysetup-temp-allocator-size-main=16777216"
    "memorysetup-job-temp-allocator-block-size=2097152"
    "memorysetup-job-temp-allocator-block-size-background=1048576"
    "memorysetup-job-temp-allocator-reduction-small-platforms=262144"
    "memorysetup-allocator-temp-initial-block-size-main=262144"
    "memorysetup-allocator-temp-initial-block-size-worker=262144"
    "memorysetup-temp-allocator-size-background-worker=32768"
    "memorysetup-temp-allocator-size-job-worker=262144"
    "memorysetup-temp-allocator-size-preload-manager=33554432"
    "memorysetup-temp-allocator-size-nav-mesh-worker=65536"
    "memorysetup-temp-allocator-size-audio-worker=65536"
    "memorysetup-temp-allocator-size-cloud-worker=32768"
    "memorysetup-temp-allocator-size-gi-baking-worker=262144"
    "memorysetup-temp-allocator-size-gfx=262144"
Player connection [13536] Host "[IP] 192.168.1.118 [Port] 0 [Flags] 2 [Guid] 1924298097 [EditorId] 1924298097 [Version] 1048832 [Id] WindowsEditor(7,LAPTOP-N107EUO8) [Debug] 1 [PackageName] WindowsEditor [ProjectName] Editor" joined multi-casting on [225.0.0.222:54997]...

Player connection [13536] Host "[IP] 192.168.1.118 [Port] 0 [Flags] 2 [Guid] 1924298097 [EditorId] 1924298097 [Version] 1048832 [Id] WindowsEditor(7,LAPTOP-N107EUO8) [Debug] 1 [PackageName] WindowsEditor [ProjectName] Editor" joined alternative multi-casting on [225.0.0.222:34997]...

Refreshing native plugins compatible for Editor in 2091.58 ms, found 3 plugins.
Preloading 0 native plugins for Editor in 0.00 ms.
Initialize engine version: 2022.3.6f1 (b9e6e7e9fa2d)
[Subsystems] Discovering subsystems at path C:/Program Files/Unity/Hub/Editor/2022.3.6f1/Editor/Data/Resources/UnitySubsystems
[Subsystems] Discovering subsystems at path C:/Users/moeda/OneDrive/Documents/GitHub/Black-Belt-Game-Megan-I/Assets
GfxDevice: creating device client; threaded=0; jobified=0
Direct3D:
    Version:  Direct3D 11.0 [level 11.1]
    Renderer: AMD Radeon(TM) Vega 3 Graphics (ID=0x15d8)
    Vendor:   ATI
    VRAM:     3041 MB
    Driver:   27.20.11036.3
Initialize mono
Mono path[0] = 'C:/Program Files/Unity/Hub/Editor/2022.3.6f1/Editor/Data/Managed'
Mono path[1] = 'C:/Program Files/Unity/Hub/Editor/2022.3.6f1/Editor/Data/MonoBleedingEdge/lib/mono/unityjit-win32'
Mono config path = 'C:/Program Files/Unity/Hub/Editor/2022.3.6f1/Editor/Data/MonoBleedingEdge/etc'
Using monoOptions --debugger-agent=transport=dt_socket,embedding=1,server=y,suspend=n,address=127.0.0.1:56888
Begin MonoManager ReloadAssembly
Registering precompiled unity dll's ...
Register platform support module: C:/Program Files/Unity/Hub/Editor/2022.3.6f1/Editor/Data/PlaybackEngines/WebGLSupport/UnityEditor.WebGL.Extensions.dll
Register platform support module: C:/Program Files/Unity/Hub/Editor/2022.3.6f1/Editor/Data/PlaybackEngines/WindowsStandaloneSupport/UnityEditor.WindowsStandalone.Extensions.dll
Registered in 0.633483 seconds.
- Loaded All Assemblies, in 12.625 seconds
Native extension for WindowsStandalone target not found
Native extension for WebGL target not found
Mono: successfully reloaded assembly
- Finished resetting the current domain, in  0.674 seconds
Domain Reload Profiling: 13295ms
	BeginReloadAssembly (11367ms)
		ExecutionOrderSort (0ms)
		DisableScriptedObjects (0ms)
		BackupInstance (0ms)
		ReleaseScriptingObjects (0ms)
		CreateAndSetChildDomain (2ms)
	RebuildCommonClasses (94ms)
	RebuildNativeTypeToScriptingClass (25ms)
	initialDomainReloadingComplete (778ms)
	LoadAllAssembliesAndSetupDomain (356ms)
		LoadAssemblies (11364ms)
		RebuildTransferFunctionScriptingTraits (0ms)
		AnalyzeDomain (339ms)
			TypeCache.Refresh (338ms)
				TypeCache.ScanAssembly (311ms)
			ScanForSourceGeneratedMonoScriptInfo (1ms)
			ResolveRequiredComponents (1ms)
	FinalizeReload (675ms)
		ReleaseScriptCaches (0ms)
		RebuildScriptCaches (0ms)
		SetupLoadedEditorAssemblies (541ms)
			LogAssemblyErrors (0ms)
			InitializePlatformSupportModulesInManaged (28ms)
			SetLoadedEditorAssemblies (14ms)
			RefreshPlugins (0ms)
			BeforeProcessingInitializeOnLoad (4ms)
			ProcessInitializeOnLoadAttributes (372ms)
			ProcessInitializeOnLoadMethodAttributes (123ms)
			AfterProcessingInitializeOnLoad (0ms)
			EditorAssembliesLoaded (0ms)
		ExecutionOrderSort2 (0ms)
		AwakeInstancesAfterBackupRestoration (0ms)
========================================================================
Worker process is ready to serve import requests
Begin MonoManager ReloadAssembly
Symbol file LoadedFromMemory doesn't match image C:\Users\moeda\OneDrive\Documents\GitHub\Black-Belt-Game-Megan-I\Library\PackageCache\com.unity.visualscripting@1.8.0\Editor\VisualScripting.Core\Dependencies\YamlDotNet\Unity.VisualScripting.YamlDotNet.dll
Symbol file LoadedFromMemory doesn't match image C:\Users\moeda\OneDrive\Documents\GitHub\Black-Belt-Game-Megan-I\Library\PackageCache\com.unity.visualscripting@1.8.0\Editor\VisualScripting.Core\Dependencies\DotNetZip\Unity.VisualScripting.IonicZip.dll
- Loaded All Assemblies, in  4.957 seconds
Refreshing native plugins compatible for Editor in 4.39 ms, found 3 plugins.
Native extension for WindowsStandalone target not found
Native extension for WebGL target not found
Package Manager log level set to [2]
[Package Manager] Server::EnsureServerProcessIsRunning -- launch failed, reason: Unity was launched with the -noUpm command-line argument
[Package Manager] UpmClient::Send -- Unable to send message (not connected to UPM process).
[Package Manager] Cannot connect to Unity Package Manager local server
Mono: successfully reloaded assembly
- Finished resetting the current domain, in  1.455 seconds
Domain Reload Profiling: 6409ms
	BeginReloadAssembly (196ms)
		ExecutionOrderSort (0ms)
		DisableScriptedObjects (9ms)
		BackupInstance (0ms)
		ReleaseScriptingObjects (0ms)
		CreateAndSetChildDomain (31ms)
	RebuildCommonClasses (55ms)
	RebuildNativeTypeToScriptingClass (17ms)
	initialDomainReloadingComplete (68ms)
	LoadAllAssembliesAndSetupDomain (4615ms)
		LoadAssemblies (4275ms)
		RebuildTransferFunctionScriptingTraits (0ms)
		AnalyzeDomain (437ms)
			TypeCache.Refresh (412ms)
				TypeCache.ScanAssembly (394ms)
			ScanForSourceGeneratedMonoScriptInfo (20ms)
			ResolveRequiredComponents (5ms)
	FinalizeReload (1457ms)
		ReleaseScriptCaches (0ms)
		RebuildScriptCaches (0ms)
		SetupLoadedEditorAssemblies (1219ms)
			LogAssemblyErrors (0ms)
			InitializePlatformSupportModulesInManaged (12ms)
			SetLoadedEditorAssemblies (7ms)
			RefreshPlugins (0ms)
			BeforeProcessingInitializeOnLoad (96ms)
			ProcessInitializeOnLoadAttributes (1045ms)
			ProcessInitializeOnLoadMethodAttributes (46ms)
			AfterProcessingInitializeOnLoad (13ms)
			EditorAssembliesLoaded (0ms)
		ExecutionOrderSort2 (0ms)
		AwakeInstancesAfterBackupRestoration (17ms)
Launched and connected shader compiler UnityShaderCompiler.exe after 0.13 seconds
Refreshing native plugins compatible for Editor in 5.47 ms, found 3 plugins.
Preloading 0 native plugins for Editor in 0.00 ms.
Unloading 3081 Unused Serialized files (Serialized files now loaded: 0)
Unloading 31 unused Assets / (56.4 KB). Loaded Objects now: 3544.
Memory consumption went from 116.5 MB to 116.4 MB.
Total: 4.718800 ms (FindLiveObjects: 0.323800 ms CreateObjectMapping: 0.089900 ms MarkObjects: 4.164100 ms  DeleteObjects: 0.139400 ms)

AssetImportParameters requested are different than current active one (requested -> active):
  custom:container-demuxer-ogg: 62fdf1f143b41e24485cea50d1cbac27 -> 
  custom:video-codec-MediaFoundation-h265: 746d11721c4dcdbdad8f713fa42b33f4 -> 
  custom:video-decoder-ogg-theora: a1e56fd34408186e4bbccfd4996cb3dc -> 
  custom:framework-win-MediaFoundation: 216162199b28c13a410421893ffa2e32 -> 
  custom:CustomObjectIndexerAttribute: 756ad292c208cfabdd7b50bc23989ffe -> 
  custom:container-demuxer-webm: 4f35f7cbe854078d1ac9338744f61a02 -> 
  custom:container-muxer-webm: aa71ff27fc2769a1b78a27578f13a17b -> 
  custom:video-decoder-webm-vp8: 9c59270c3fd7afecdb556c50c9e8de78 -> 
  custom:SearchIndexIgnoredProperties: e643bd26f0fe6173181afceb89e7c659 -> 
  custom:AudioImporter_EditorPlatform: d09bf68614088b80899f8185d706f6e7 -> 
  custom:video-encoder-webm-vp8: eb34c28f22e8b96e1ab97ce403110664 -> 
  custom:audio-decoder-ogg-vorbis: bf7c407c2cedff20999df2af8eb42d56 -> 
  custom:audio-encoder-webm-vorbis: bf7c407c2cedff20999df2af8eb42d56 -> 
========================================================================
Received Import Request.
  Time since last request: 177635.793877 seconds.
  path: Assets/Blue-Blackground-screen.jpg
  artifactKey: Guid(16b19fcba3188914489af437b21032e1) Importer(815301076,1909f56bfc062723c751e8b465ee728b)
Start importing Assets/Blue-Blackground-screen.jpg using Guid(16b19fcba3188914489af437b21032e1) Importer(815301076,1909f56bfc062723c751e8b465ee728b)  -> (artifact id: '93cecc015048be1be5c0b38da93aa9d8') in 0.083535 seconds
Number of updated asset objects reloaded before import = 0
Number of asset objects unloaded after import = 2
========================================================================
Received Import Request.
  Time since last request: 127.905138 seconds.
  path: Assets/Scenes/SampleScene.unity
  artifactKey: Guid(9fc0d4010bbf28b4594072e72b8655ab) Importer(815301076,1909f56bfc062723c751e8b465ee728b)
Start importing Assets/Scenes/SampleScene.unity using Guid(9fc0d4010bbf28b4594072e72b8655ab) Importer(815301076,1909f56bfc062723c751e8b465ee728b)  -> (artifact id: '993fdbf2c8c5c46cff9cdcc4812d0461') in 0.000963 seconds
Number of updated asset objects reloaded before import = 0
Number of asset objects unloaded after import = 0
========================================================================
Received Import Request.
  Time since last request: 218.645115 seconds.
  path: Assets/Blue-Blackground-screen.jpg
  artifactKey: Guid(16b19fcba3188914489af437b21032e1) Importer(815301076,1909f56bfc062723c751e8b465ee728b)
Start importing Assets/Blue-Blackground-screen.jpg using Guid(16b19fcba3188914489af437b21032e1) Importer(815301076,1909f56bfc062723c751e8b465ee728b)  -> (artifact id: 'c9426e2904cdebe294b6d477f266b663') in 0.110213 seconds
Number of updated asset objects reloaded before import = 0
Number of asset objects unloaded after import = 3
========================================================================
Received Import Request.
  Time since last request: 13.543528 seconds.
  path: Assets/Materials
  artifactKey: Guid(d993c493407366e43a045729ed38f17e) Importer(815301076,1909f56bfc062723c751e8b465ee728b)
Start importing Assets/Materials using Guid(d993c493407366e43a045729ed38f17e) Importer(815301076,1909f56bfc062723c751e8b465ee728b)  -> (artifact id: '7971aa52cc170385c1f8330a0c9eb792') in 0.000834 seconds
Number of updated asset objects reloaded before import = 0
Number of asset objects unloaded after import = 0
========================================================================
Received Import Request.
  Time since last request: 18.446148 seconds.
  path: Assets/pixilart-drawing.png
  artifactKey: Guid(f8fcc49dcc8d1e64bac1311e5e92e78b) Importer(815301076,1909f56bfc062723c751e8b465ee728b)
Start importing Assets/pixilart-drawing.png using Guid(f8fcc49dcc8d1e64bac1311e5e92e78b) Importer(815301076,1909f56bfc062723c751e8b465ee728b)  -> (artifact id: '7cb9d9be64e9bf8a8f2c4c6be120caef') in 0.029797 seconds
Number of updated asset objects reloaded before import = 0
Number of asset objects unloaded after import = 3
========================================================================
Received Import Request.
  Time since last request: 24.432630 seconds.
  path: Assets/pixilart-drawing (1).png
  artifactKey: Guid(3386a1f4edd7c5244aa88f85aaa39ec5) Importer(815301076,1909f56bfc062723c751e8b465ee728b)
Start importing Assets/pixilart-drawing (1).png using Guid(3386a1f4edd7c5244aa88f85aaa39ec5) Importer(815301076,1909f56bfc062723c751e8b465ee728b)  -> (artifact id: 'a7f10793c4d65c3ae3f99a53981d4818') in 0.041823 seconds
Number of updated asset objects reloaded before import = 0
Number of asset objects unloaded after import = 3
========================================================================
Received Import Request.
  Time since last request: 782.800087 seconds.
  path: Assets/Materials/pixilart-drawing.mat
  artifactKey: Guid(2a1e9d073c3e32744b347599b3070251) Importer(815301076,1909f56bfc062723c751e8b465ee728b)
Start importing Assets/Materials/pixilart-drawing.mat using Guid(2a1e9d073c3e32744b347599b3070251) Importer(815301076,1909f56bfc062723c751e8b465ee728b)  -> (artifact id: 'e63fcd2a6c061dfc142a33a7b4eca50e') in 0.152351 seconds
Number of updated asset objects reloaded before import = 0
Number of asset objects unloaded after import = 2
========================================================================
Received Import Request.
  Time since last request: 0.000037 seconds.
  path: Assets/Materials/pixilart-drawing (1).mat
  artifactKey: Guid(a8828179f8da73341999462f25036841) Importer(815301076,1909f56bfc062723c751e8b465ee728b)
Start importing Assets/Materials/pixilart-drawing (1).mat using Guid(a8828179f8da73341999462f25036841) Importer(815301076,1909f56bfc062723c751e8b465ee728b)  -> (artifact id: '0090f69afc6015fd2a2e05dcc0c833cc') in 0.030082 seconds
Number of updated asset objects reloaded before import = 0
Number of asset objects unloaded after import = 2
========================================================================
Received Import Request.
  Time since last request: 261.208357 seconds.
  path: Assets/Scenes/Fish and Wish.unity
  artifactKey: Guid(9fc0d4010bbf28b4594072e72b8655ab) Importer(815301076,1909f56bfc062723c751e8b465ee728b)
Start importing Assets/Scenes/Fish and Wish.unity using Guid(9fc0d4010bbf28b4594072e72b8655ab) Importer(815301076,1909f56bfc062723c751e8b465ee728b)  -> (artifact id: 'b1df61c67958f6c6fae644ce5e67d305') in 0.000969 seconds
Number of updated asset objects reloaded before import = 0
Number of asset objects unloaded after import = 0
========================================================================
Received Import Request.
  Time since last request: 644.627113 seconds.
  path: Assets/Scenes/pixilart-drawing.png
  artifactKey: Guid(75dc333c318acff41923cd35af0c4e10) Importer(815301076,1909f56bfc062723c751e8b465ee728b)
Start importing Assets/Scenes/pixilart-drawing.png using Guid(75dc333c318acff41923cd35af0c4e10) Importer(815301076,1909f56bfc062723c751e8b465ee728b)  -> (artifact id: '7215a8e7b03e840e29ea4cd794a747e4') in 0.059184 seconds
Number of updated asset objects reloaded before import = 0
Number of asset objects unloaded after import = 2
========================================================================
Received Import Request.
  Time since last request: 122.844741 seconds.
  path: Assets/Scenes/Fish and Wish.unity
  artifactKey: Guid(9fc0d4010bbf28b4594072e72b8655ab) Importer(815301076,1909f56bfc062723c751e8b465ee728b)
Start importing Assets/Scenes/Fish and Wish.unity using Guid(9fc0d4010bbf28b4594072e72b8655ab) Importer(815301076,1909f56bfc062723c751e8b465ee728b)  -> (artifact id: '7055082ab677acc826af2a760b1e7b9a') in 0.001500 seconds
Number of updated asset objects reloaded before import = 0
Number of asset objects unloaded after import = 0
========================================================================
Received Import Request.
  Time since last request: 222.791634 seconds.
  path: Assets/Materials/pixilart-drawing.png
  artifactKey: Guid(75dc333c318acff41923cd35af0c4e10) Importer(815301076,1909f56bfc062723c751e8b465ee728b)
Start importing Assets/Materials/pixilart-drawing.png using Guid(75dc333c318acff41923cd35af0c4e10) Importer(815301076,1909f56bfc062723c751e8b465ee728b)  -> (artifact id: 'a35e13f048e23eed6fee6681634e09cb') in 0.054988 seconds
Number of updated asset objects reloaded before import = 0
Number of asset objects unloaded after import = 3
========================================================================
Received Import Request.
  Time since last request: 481.373182 seconds.
  path: Assets/Materials/Purple_Circle.png
  artifactKey: Guid(15c21d246e90a5c429b971cecca8c207) Importer(815301076,1909f56bfc062723c751e8b465ee728b)
Start importing Assets/Materials/Purple_Circle.png using Guid(15c21d246e90a5c429b971cecca8c207) Importer(815301076,1909f56bfc062723c751e8b465ee728b)  -> (artifact id: '6dfa6465f2e6f70a1ee4f933fd1e1c65') in 0.047546 seconds
Number of updated asset objects reloaded before import = 0
Number of asset objects unloaded after import = 2
========================================================================
Received Import Request.
  Time since last request: 156.104750 seconds.
  path: Assets/Materials/file.png
  artifactKey: Guid(c5a0a54f299353a42ada5afd042348e9) Importer(815301076,1909f56bfc062723c751e8b465ee728b)
Start importing Assets/Materials/file.png using Guid(c5a0a54f299353a42ada5afd042348e9) Importer(815301076,1909f56bfc062723c751e8b465ee728b)  -> (artifact id: '03d620b6e1ba29e07801e300c8bff491') in 0.197379 seconds
Number of updated asset objects reloaded before import = 0
Number of asset objects unloaded after import = 2
========================================================================
Received Import Request.
  Time since last request: 28.973472 seconds.
  path: Assets/Materials/file.png
  artifactKey: Guid(c5a0a54f299353a42ada5afd042348e9) Importer(815301076,1909f56bfc062723c751e8b465ee728b)
Start importing Assets/Materials/file.png using Guid(c5a0a54f299353a42ada5afd042348e9) Importer(815301076,1909f56bfc062723c751e8b465ee728b)  -> (artifact id: '04401902b8e466951c316d912bd2f819') in 15.666125 seconds
Number of updated asset objects reloaded before import = 0
Number of asset objects unloaded after import = 3
========================================================================
Received Import Request.
  Time since last request: 939.037300 seconds.
  path: Assets/pixilart-drawing (1) 1.png
  artifactKey: Guid(f0605e56873cc9142bf98590c48de689) Importer(815301076,1909f56bfc062723c751e8b465ee728b)
Start importing Assets/pixilart-drawing (1) 1.png using Guid(f0605e56873cc9142bf98590c48de689) Importer(815301076,1909f56bfc062723c751e8b465ee728b)  -> (artifact id: '17d222e7d8b4929a5781dcbb98784a68') in 0.041617 seconds
Number of updated asset objects reloaded before import = 0
Number of asset objects unloaded after import = 2
========================================================================
Received Import Request.
  Time since last request: 15.917162 seconds.
  path: Assets/pixilart-drawing (1) 1.png
  artifactKey: Guid(f0605e56873cc9142bf98590c48de689) Importer(815301076,1909f56bfc062723c751e8b465ee728b)
Start importing Assets/pixilart-drawing (1) 1.png using Guid(f0605e56873cc9142bf98590c48de689) Importer(815301076,1909f56bfc062723c751e8b465ee728b)  -> (artifact id: 'c2a95e8681f18a205831f5d8c32c1124') in 0.067808 seconds
Number of updated asset objects reloaded before import = 0
Number of asset objects unloaded after import = 3
========================================================================
Received Import Request.
  Time since last request: 838.703121 seconds.
  path: Assets/pixilart-drawing (2).png
  artifactKey: Guid(6c73b56450499354186bb845a6ff769c) Importer(815301076,1909f56bfc062723c751e8b465ee728b)
Start importing Assets/pixilart-drawing (2).png using Guid(6c73b56450499354186bb845a6ff769c) Importer(815301076,1909f56bfc062723c751e8b465ee728b)  -> (artifact id: '793f192eeafc64f2bbab10c06f868b52') in 0.034781 seconds
Number of updated asset objects reloaded before import = 0
Number of asset objects unloaded after import = 2
========================================================================
Received Import Request.
  Time since last request: 44.180724 seconds.
  path: Assets/pixilart-drawing (2).png
  artifactKey: Guid(6c73b56450499354186bb845a6ff769c) Importer(815301076,1909f56bfc062723c751e8b465ee728b)
Start importing Assets/pixilart-drawing (2).png using Guid(6c73b56450499354186bb845a6ff769c) Importer(815301076,1909f56bfc062723c751e8b465ee728b)  -> (artifact id: '80134b5d64dc760d80127740df033440') in 0.056833 seconds
Number of updated asset objects reloaded before import = 0
Number of asset objects unloaded after import = 3
========================================================================
Received Import Request.
  Time since last request: 410.061199 seconds.
  path: Assets/file (1).png
  artifactKey: Guid(0aeabb43f4318d84bb6dd87998bc5201) Importer(815301076,1909f56bfc062723c751e8b465ee728b)
Start importing Assets/file (1).png using Guid(0aeabb43f4318d84bb6dd87998bc5201) Importer(815301076,1909f56bfc062723c751e8b465ee728b)  -> (artifact id: 'b89d64ac8d037f29db0cbbd6b7c8b18c') in 0.072722 seconds
Number of updated asset objects reloaded before import = 0
Number of asset objects unloaded after import = 2
========================================================================
Received Import Request.
  Time since last request: 11.855758 seconds.
  path: Assets/file (1).png
  artifactKey: Guid(0aeabb43f4318d84bb6dd87998bc5201) Importer(815301076,1909f56bfc062723c751e8b465ee728b)
Start importing Assets/file (1).png using Guid(0aeabb43f4318d84bb6dd87998bc5201) Importer(815301076,1909f56bfc062723c751e8b465ee728b)  -> (artifact id: '69f2de4b05f8f2b1f4dcab346dab7b28') in 0.060444 seconds
Number of updated asset objects reloaded before import = 0
Number of asset objects unloaded after import = 3
